#
# There is insufficient memory for the Java Runtime Environment to continue.
# Native memory allocation (malloc) failed to allocate 1048576 bytes for AllocateHeap
# Possible reasons:
#   The system is out of physical RAM or swap space
#   In 32 bit mode, the process size limit was hit
# Possible solutions:
#   Reduce memory load on the system
#   Increase physical memory or swap space
#   Check if swap backing store is full
#   Use 64 bit Java on a 64 bit OS
#   Decrease Java heap size (-Xmx/-Xms)
#   Decrease number of Java threads
#   Decrease Java thread stack sizes (-Xss)
#   Set larger code cache with -XX:ReservedCodeCacheSize=
# This output file may be truncated or incomplete.
#
#  Out of Memory Error (memory/allocation.inline.hpp:61), pid=36260, tid=0x000000000000338c
#
# JRE version:  (8.0) (build )
# Java VM: OpenJDK 64-Bit Server VM (25.71-b00 mixed mode windows-amd64 compressed oops)
# Failed to write core dump. Minidumps are not enabled by default on client versions of Windows
#

---------------  T H R E A D  ---------------

Current thread (0x0000000002c42800):  JavaThread "Unknown thread" [_thread_in_vm, id=13196, stack(0x0000000002b40000,0x0000000002c40000)]

Stack: [0x0000000002b40000,0x0000000002c40000]
[error occurred during error reporting (printing stack bounds), id 0xc0000005]

Native frames: (J=compiled Java code, j=interpreted, Vv=VM code, C=native code)


---------------  P R O C E S S  ---------------

Java Threads: ( => current thread )

Other Threads:

=>0x0000000002c42800 (exited) JavaThread "Unknown thread" [_thread_in_vm, id=13196, stack(0x0000000002b40000,0x0000000002c40000)]

VM state:not at safepoint (normal execution)

VM Mutex/Monitor currently owned by a thread: None

Heap:
 PSYoungGen      total 38400K, used 665K [0x00000000d5f00000, 0x00000000d8980000, 0x0000000100000000)
  eden space 33280K, 2% used [0x00000000d5f00000,0x00000000d5fa6670,0x00000000d7f80000)
  from space 5120K, 0% used [0x00000000d8480000,0x00000000d8480000,0x00000000d8980000)
  to   space 5120K, 0% used [0x00000000d7f80000,0x00000000d7f80000,0x00000000d8480000)
 ParOldGen       total 87552K, used 0K [0x0000000081c00000, 0x0000000087180000, 0x00000000d5f00000)
  object space 87552K, 0% used [0x0000000081c00000,0x0000000081c00000,0x0000000087180000)
 Metaspace       used 777K, capacity 4480K, committed 4480K, reserved 1056768K
  class space    used 74K, capacity 384K, committed 384K, reserved 1048576K

Card table byte_map: [0x0000000012100000,0x0000000012500000] byte_map_base: 0x0000000011cf2000

Marking Bits: (ParMarkBitMap*) 0x0000000051ccbe50
 Begin Bits: [0x0000000012fb0000, 0x0000000014f40000)
 End Bits:   [0x0000000014f40000, 0x0000000016ed0000)

Polling page: 0x0000000001160000

CodeCache: size=245760Kb used=328Kb max_used=328Kb free=245431Kb
 bounds [0x0000000002d40000, 0x0000000002fb0000, 0x0000000011d40000]
 total_blobs=57 nmethods=0 adapters=38
 compilation: enabled

Compilation events (0 events):
No events

GC Heap History (0 events):
No events

Deoptimization events (0 events):
No events

Classes redefined (0 events):
No events

Internal exceptions (0 events):
No events

Events (10 events):
Event: 0.433 loading class java/lang/Short
Event: 0.435 loading class java/lang/Short done
Event: 0.435 loading class java/lang/Integer
Event: 0.438 loading class java/lang/Integer done
Event: 0.438 loading class java/lang/Long
Event: 0.440 loading class java/lang/Long done
Event: 0.445 loading class java/lang/NullPointerException
Event: 0.445 loading class java/lang/NullPointerException done
Event: 0.445 loading class java/lang/ArithmeticException
Event: 0.445 loading class java/lang/ArithmeticException done


Dynamic libraries:
0x00007ff726890000 - 0x00007ff7268c5000 	C:\Program Files\Unity\2021.3.19f1\Editor\Data\PlaybackEngines\AndroidPlayer\OpenJDK\bin\java.exe
0x00007ffa854d0000 - 0x00007ffa856c8000 	C:\Windows\SYSTEM32\ntdll.dll
0x00007ffa83590000 - 0x00007ffa8364f000 	C:\Windows\System32\KERNEL32.DLL
0x00007ffa82f90000 - 0x00007ffa8326a000 	C:\Windows\System32\KERNELBASE.dll
0x00007ffa84f90000 - 0x00007ffa8503e000 	C:\Windows\System32\ADVAPI32.dll
0x00007ffa83bb0000 - 0x00007ffa83c4e000 	C:\Windows\System32\msvcrt.dll
0x00007ffa851a0000 - 0x00007ffa8523c000 	C:\Windows\System32\sechost.dll
0x00007ffa85360000 - 0x00007ffa85486000 	C:\Windows\System32\RPCRT4.dll
0x00007ffa83df0000 - 0x00007ffa83f8d000 	C:\Windows\System32\USER32.dll
0x00007ffa82ea0000 - 0x00007ffa82ec2000 	C:\Windows\System32\win32u.dll
0x00007ffa84900000 - 0x00007ffa8492b000 	C:\Windows\System32\GDI32.dll
0x00007ffa82d90000 - 0x00007ffa82ea0000 	C:\Windows\System32\gdi32full.dll
0x00007ffa83270000 - 0x00007ffa8330d000 	C:\Windows\System32\msvcp_win.dll
0x00007ffa82be0000 - 0x00007ffa82ce0000 	C:\Windows\System32\ucrtbase.dll
0x00007ffa743b0000 - 0x00007ffa7464a000 	C:\Windows\WinSxS\amd64_microsoft.windows.common-controls_6595b64144ccf1df_6.0.19041.1110_none_60b5254171f9507e\COMCTL32.dll
0x00007ffa85330000 - 0x00007ffa85360000 	C:\Windows\System32\IMM32.DLL
0x0000000051d50000 - 0x0000000051e22000 	C:\Program Files\Unity\2021.3.19f1\Editor\Data\PlaybackEngines\AndroidPlayer\OpenJDK\jre\bin\msvcr100.dll
0x0000000051500000 - 0x0000000051d49000 	C:\Program Files\Unity\2021.3.19f1\Editor\Data\PlaybackEngines\AndroidPlayer\OpenJDK\jre\bin\server\jvm.dll
0x00007ffa73a10000 - 0x00007ffa73a37000 	C:\Windows\SYSTEM32\WINMM.dll
0x00007ffa81330000 - 0x00007ffa8133a000 	C:\Windows\SYSTEM32\VERSION.dll
0x00007ffa84ed0000 - 0x00007ffa84ed8000 	C:\Windows\System32\PSAPI.DLL
0x00007ffa75c90000 - 0x00007ffa75c99000 	C:\Windows\SYSTEM32\WSOCK32.dll
0x00007ffa85240000 - 0x00007ffa852ab000 	C:\Windows\System32\ws2_32.DLL
0x00007ffa80b10000 - 0x00007ffa80b1f000 	C:\Program Files\Unity\2021.3.19f1\Editor\Data\PlaybackEngines\AndroidPlayer\OpenJDK\jre\bin\verify.dll
0x00007ffa65590000 - 0x00007ffa655b9000 	C:\Program Files\Unity\2021.3.19f1\Editor\Data\PlaybackEngines\AndroidPlayer\OpenJDK\jre\bin\java.dll
0x00007ffa79350000 - 0x00007ffa79366000 	C:\Program Files\Unity\2021.3.19f1\Editor\Data\PlaybackEngines\AndroidPlayer\OpenJDK\jre\bin\zip.dll

VM Arguments:
jvm_args: -Dfile.encoding=UTF-8 
java_command: <unknown>
java_class_path (initial): .
Launcher Type: SUN_STANDARD

Environment Variables:
JAVA_HOME=C:\Program Files\Unity\2021.3.19f1\Editor\Data\PlaybackEngines\AndroidPlayer\OpenJDK
JAVA_TOOL_OPTIONS=-Dfile.encoding=UTF-8
PATH=C:\Program Files\Oculus\Support\oculus-runtime;C:\Windows\system32;C:\Windows;C:\Windows\System32\Wbem;C:\Windows\System32\WindowsPowerShell\v1.0\;C:\Windows\System32\OpenSSH\;C:\Program Files\Git\cmd;C:\Program Files (x86)\Microsoft SQL Server\150\DTS\Binn\;C:\Program Files\Microsoft SQL Server\130\Tools\Binn\;C:\Program Files\Microsoft SQL Server\Client SDK\ODBC\170\Tools\Binn\;C:\Program Files\dotnet\;C:\Program Files\Java\jre1.8.0_51\bin;C:\Program Files (x86)\NVIDIA Corporation\PhysX\Common;C:\Users\andre\AppData\Local\Microsoft\WindowsApps;;C:\Users\andre\AppData\Local\Programs\Microsoft VS Code\bin;C:\Program Files\Azure Data Studio\bin;C:\Users\andre\.dotnet\tools
USERNAME=andre
OS=Windows_NT
PROCESSOR_IDENTIFIER=Intel64 Family 6 Model 60 Stepping 3, GenuineIntel



---------------  S Y S T E M  ---------------

OS: Windows 10.0 , 64 bit Build 19041 (10.0.19041.2788)

CPU:total 8 (initial active 8) (4 cores per cpu, 2 threads per core) family 6 model 60 stepping 3, cmov, cx8, fxsr, mmx, sse, sse2, sse3, ssse3, sse4.1, sse4.2, popcnt, avx, avx2, aes, clmul, erms, lzcnt, ht, tsc, tscinvbit, bmi1, bmi2

Memory: 4k page, physical 8268880k(324024k free), swap 33434704k(6144k free)

vm_info: OpenJDK 64-Bit Server VM (25.71-b00) for windows-amd64 JRE (1.8.0-adoptopenjdk-_2018_05_19_00_59-b00), built on May 19 2018 01:02:12 by "jenkins" with MS VC++ 10.0 (VS2010)

time: Mon Apr 17 08:05:42 2023
elapsed time: 0 seconds (0d 0h 0m 0s)

